TN:
SF:src/services/enrichmentService.ts
FN:54,(anonymous_8)
FN:58,(anonymous_9)
FN:165,(anonymous_10)
FN:206,(anonymous_11)
FN:239,(anonymous_12)
FNF:5
FNH:0
FNDA:0,(anonymous_8)
FNDA:0,(anonymous_9)
FNDA:0,(anonymous_10)
FNDA:0,(anonymous_11)
FNDA:0,(anonymous_12)
DA:2,2
DA:3,2
DA:4,2
DA:5,2
DA:8,2
DA:54,2
DA:58,0
DA:59,0
DA:61,0
DA:63,0
DA:65,0
DA:66,0
DA:69,0
DA:71,0
DA:72,0
DA:82,0
DA:84,0
DA:89,0
DA:91,0
DA:92,0
DA:93,0
DA:96,0
DA:101,0
DA:104,0
DA:121,0
DA:123,0
DA:124,0
DA:125,0
DA:128,0
DA:130,0
DA:134,0
DA:135,0
DA:136,0
DA:139,0
DA:148,0
DA:150,0
DA:151,0
DA:154,0
DA:155,0
DA:158,0
DA:159,0
DA:165,2
DA:172,0
DA:177,0
DA:178,0
DA:182,0
DA:183,0
DA:192,0
DA:194,0
DA:198,0
DA:202,0
DA:203,0
DA:205,0
DA:206,0
DA:208,0
DA:211,0
DA:217,0
DA:236,0
DA:239,2
DA:244,0
DA:246,0
LF:61
LH:8
BRDA:65,0,0,0
BRDA:65,1,0,0
BRDA:65,1,1,0
BRDA:71,2,0,0
BRDA:71,2,1,0
BRDA:91,3,0,0
BRDA:121,4,0,0
BRDA:121,4,1,0
BRDA:121,5,0,0
BRDA:121,5,1,0
BRDA:121,6,0,0
BRDA:121,6,1,0
BRDA:121,7,0,0
BRDA:121,7,1,0
BRDA:123,8,0,0
BRDA:130,9,0,0
BRDA:130,9,1,0
BRDA:130,9,2,0
BRDA:134,10,0,0
BRDA:134,10,1,0
BRDA:135,11,0,0
BRDA:135,11,1,0
BRDA:140,12,0,0
BRDA:140,12,1,0
BRDA:141,13,0,0
BRDA:141,13,1,0
BRDA:142,14,0,0
BRDA:142,14,1,0
BRDA:143,15,0,0
BRDA:143,15,1,0
BRDA:144,16,0,0
BRDA:144,16,1,0
BRDA:177,17,0,0
BRDA:182,18,0,0
BRDA:184,19,0,0
BRDA:184,19,1,0
BRDA:185,20,0,0
BRDA:185,20,1,0
BRDA:186,21,0,0
BRDA:186,21,1,0
BRDA:187,22,0,0
BRDA:187,22,1,0
BRDA:188,23,0,0
BRDA:188,23,1,0
BRDA:192,24,0,0
BRDA:192,25,0,0
BRDA:192,25,1,0
BRDA:194,26,0,0
BRDA:194,26,1,0
BRDA:202,27,0,0
BRDA:202,28,0,0
BRDA:202,28,1,0
BRDA:208,29,0,0
BRDA:208,29,1,0
BRF:54
BRH:0
end_of_record
TN:
SF:src/services/youtubeService.ts
FN:16,(anonymous_7)
FNF:1
FNH:1
FNDA:6,(anonymous_7)
DA:1,3
DA:2,3
DA:3,3
DA:4,3
DA:10,3
DA:17,6
DA:18,6
DA:21,6
DA:23,5
DA:24,1
DA:25,1
DA:29,4
DA:30,1
DA:31,1
DA:34,3
DA:37,3
DA:43,3
DA:44,1
DA:45,1
DA:49,2
DA:56,2
DA:60,2
DA:61,1
DA:62,1
DA:65,1
DA:66,1
DA:67,1
DA:69,1
DA:71,1
DA:72,1
LF:30
LH:30
BRDA:23,0,0,1
BRDA:29,1,0,1
BRDA:43,2,0,1
BRDA:51,3,0,2
BRDA:51,3,1,1
BRDA:56,4,0,2
BRDA:56,4,1,1
BRDA:56,4,2,1
BRDA:56,4,3,1
BRDA:60,5,0,1
BRF:10
BRH:10
end_of_record
TN:
SF:src/services/youtubeTranscriptService.ts
FN:24,(anonymous_7)
FN:47,(anonymous_9)
FN:71,(anonymous_11)
FN:93,(anonymous_12)
FN:105,(anonymous_14)
FN:115,(anonymous_15)
FNF:6
FNH:6
FNDA:4,(anonymous_7)
FNDA:3,(anonymous_9)
FNDA:2,(anonymous_11)
FNDA:5,(anonymous_12)
FNDA:2,(anonymous_14)
FNDA:2,(anonymous_15)
DA:1,4
DA:2,4
DA:3,4
DA:18,4
DA:25,4
DA:26,4
DA:27,4
DA:29,2
DA:30,1
DA:31,1
DA:33,1
DA:34,1
DA:37,2
DA:38,2
DA:48,3
DA:49,3
DA:52,3
DA:59,2
DA:62,2
DA:64,2
DA:71,2
DA:76,2
DA:77,2
DA:79,0
DA:80,0
DA:83,1
DA:84,1
DA:94,5
DA:96,5
DA:97,1
DA:98,1
DA:102,4
DA:104,4
DA:105,2
DA:106,1
DA:107,1
DA:111,3
DA:112,3
DA:114,3
DA:115,2
DA:116,1
DA:117,1
DA:121,2
DA:122,2
LF:44
LH:42
BRDA:29,0,0,1
BRDA:29,0,1,1
BRDA:29,1,0,2
BRDA:29,1,1,2
BRDA:64,2,0,2
BRDA:64,2,1,0
BRDA:64,3,0,2
BRDA:64,3,1,2
BRDA:64,3,2,2
BRDA:64,3,3,2
BRDA:64,3,4,2
BRDA:96,4,0,1
BRDA:104,5,0,1
BRDA:104,6,0,4
BRDA:104,6,1,1
BRDA:114,7,0,1
BRDA:114,8,0,3
BRDA:114,8,1,2
BRF:18
BRH:17
end_of_record
TN:
SF:src/services/youtubeVideoService.ts
FN:43,(anonymous_17)
FN:57,(anonymous_18)
FN:92,(anonymous_20)
FNF:3
FNH:3
FNDA:5,(anonymous_17)
FNDA:5,(anonymous_18)
FNDA:2,(anonymous_20)
DA:1,4
DA:2,4
DA:3,4
DA:5,4
DA:38,4
DA:44,5
DA:45,5
DA:46,1
DA:47,1
DA:49,4
DA:58,5
DA:59,5
DA:61,5
DA:62,5
DA:63,1
DA:67,4
DA:71,3
DA:72,1
DA:73,1
DA:76,2
DA:77,2
DA:80,2
DA:85,2
DA:86,2
DA:87,2
DA:91,1
DA:92,1
DA:93,2
DA:95,1
DA:97,0
DA:100,1
DA:105,2
DA:116,2
DA:117,2
DA:119,1
DA:120,1
LF:36
LH:35
BRDA:45,0,0,1
BRDA:62,1,0,1
BRDA:71,2,0,1
BRDA:71,3,0,3
BRDA:71,3,1,3
BRDA:91,4,0,1
BRDA:91,4,1,0
BRDA:91,5,0,1
BRDA:91,5,1,1
BRDA:107,6,0,2
BRDA:107,6,1,0
BRDA:107,7,0,0
BRDA:107,7,1,2
BRDA:107,8,0,2
BRDA:107,8,1,2
BRDA:107,9,0,0
BRDA:107,9,1,2
BRDA:107,10,0,2
BRDA:107,10,1,2
BRF:19
BRH:15
end_of_record
TN:
SF:src/utils/logger.ts
FN:12,(anonymous_0)
FN:16,(anonymous_1)
FN:20,(anonymous_2)
FN:24,(anonymous_3)
FN:30,(anonymous_4)
FN:34,(anonymous_5)
FN:38,(anonymous_6)
FN:42,(anonymous_7)
FNF:8
FNH:2
FNDA:0,(anonymous_0)
FNDA:0,(anonymous_1)
FNDA:3,(anonymous_2)
FNDA:19,(anonymous_3)
FNDA:0,(anonymous_4)
FNDA:0,(anonymous_5)
FNDA:0,(anonymous_6)
FNDA:0,(anonymous_7)
DA:11,4
DA:13,0
DA:17,0
DA:21,3
DA:25,19
DA:30,4
DA:31,0
DA:34,4
DA:35,0
DA:38,4
DA:39,0
DA:42,4
DA:43,0
LF:13
LH:7
BRDA:13,0,0,0
BRDA:13,0,1,0
BRDA:17,1,0,0
BRDA:17,1,1,0
BRDA:21,2,0,0
BRDA:21,2,1,3
BRDA:25,3,0,0
BRDA:25,3,1,19
BRF:8
BRH:2
end_of_record
TN:
SF:src/utils/youtubeUtils.ts
FN:12,(anonymous_0)
FN:87,(anonymous_1)
FN:101,(anonymous_2)
FN:110,(anonymous_3)
FNF:4
FNH:4
FNDA:11,(anonymous_0)
FNDA:6,(anonymous_1)
FNDA:1,(anonymous_2)
FNDA:1,(anonymous_3)
DA:1,4
DA:6,4
DA:13,11
DA:14,11
DA:16,11
DA:17,1
DA:18,1
DA:22,10
DA:24,3
DA:25,2
DA:27,1
DA:28,1
DA:33,9
DA:36,9
DA:37,1
DA:38,1
DA:39,1
DA:43,8
DA:45,7
DA:46,7
DA:47,4
DA:48,4
DA:52,3
DA:53,1
DA:54,1
DA:55,1
DA:59,2
DA:60,1
DA:61,1
DA:62,1
DA:66,1
DA:67,1
DA:68,1
DA:69,1
DA:73,1
DA:74,1
DA:76,0
DA:77,0
DA:88,6
DA:92,4
DA:93,4
DA:102,1
DA:111,1
LF:43
LH:41
BRDA:16,0,0,1
BRDA:22,1,0,3
BRDA:22,2,0,10
BRDA:22,2,1,10
BRDA:24,3,0,2
BRDA:24,3,1,1
BRDA:24,4,0,3
BRDA:24,4,1,2
BRDA:24,4,2,1
BRDA:36,5,0,1
BRDA:39,6,0,1
BRDA:39,6,1,0
BRDA:43,7,0,7
BRDA:43,8,0,8
BRDA:43,8,1,2
BRDA:46,9,0,4
BRDA:52,10,0,1
BRDA:55,11,0,1
BRDA:55,11,1,0
BRDA:59,12,0,1
BRDA:62,13,0,1
BRDA:62,13,1,0
BRDA:66,14,0,1
BRDA:69,15,0,1
BRDA:69,15,1,0
BRDA:88,16,0,2
BRF:26
BRH:22
end_of_record
